
      =====================================================================================================
      Config file "./scully.ngrx-slice.config.ts" not found, only rendering routes without parameters
      The config file should have a name that is formated as:
          scully.<projectName>.config.ts
      where <projectName> is the name of the project as defined in the 'angular.json' file
      If you meant to build a different project as undefined you can use:
          --project differentProjectName as a cmd line option

      When you are in a mixed mono-repo you might need to use the --pjFirst flag.
       which will look for package.json instead of angular.json to find the 'root' of the project.
    =====================================================================================================
Could not find project "ngrx-slice" in 'angular.json'.The option outDir isn't configured, using default folder "./dist/static/".No routes defined in ""




----------------------------------
Using stored unhandled routes!.
   To discover new routes in the angular app use "npm run scully -- --scanRoutes"
----------------------------------

----------------------------------
Using stored unhandled routes!.
   To discover new routes in the angular app use "npm run scully -- --scanRoutes"
----------------------------------

----------------------------------
Using stored unhandled routes!.
   To discover new routes in the angular app use "npm run scully -- --scanRoutes"
----------------------------------

----------------------------------
Using stored unhandled routes!.
   To discover new routes in the angular app use "npm run scully -- --scanRoutes"
----------------------------------
